  OpenCVApplication.cpp
c:\users\zenbookx\documents\facultate\an iii\sem ii\ip\opencvapplication-vs2013_2413_basic\opencvapplication-vs2013_2413_basic\opencvapplication.cpp(330): warning C4244: 'initializing': conversion from 'float' to 'int', possible loss of data
c:\users\zenbookx\documents\facultate\an iii\sem ii\ip\opencvapplication-vs2013_2413_basic\opencvapplication-vs2013_2413_basic\opencvapplication.cpp(331): warning C4244: 'initializing': conversion from 'float' to 'int', possible loss of data
c:\users\zenbookx\documents\facultate\an iii\sem ii\ip\opencvapplication-vs2013_2413_basic\opencvapplication-vs2013_2413_basic\opencvapplication.cpp(440): warning C4244: '=': conversion from 'float' to 'uchar', possible loss of data
c:\users\zenbookx\documents\facultate\an iii\sem ii\ip\opencvapplication-vs2013_2413_basic\opencvapplication-vs2013_2413_basic\opencvapplication.cpp(441): warning C4244: '=': conversion from 'float' to 'uchar', possible loss of data
c:\users\zenbookx\documents\facultate\an iii\sem ii\ip\opencvapplication-vs2013_2413_basic\opencvapplication-vs2013_2413_basic\opencvapplication.cpp(442): warning C4244: '=': conversion from 'float' to 'uchar', possible loss of data
c:\users\zenbookx\documents\facultate\an iii\sem ii\ip\opencvapplication-vs2013_2413_basic\opencvapplication-vs2013_2413_basic\opencvapplication.cpp(521): warning C4244: 'return': conversion from 'double' to 'int', possible loss of data
c:\users\zenbookx\documents\facultate\an iii\sem ii\ip\opencvapplication-vs2013_2413_basic\opencvapplication-vs2013_2413_basic\opencvapplication.cpp(525): warning C4244: 'initializing': conversion from 'double' to 'float', possible loss of data
c:\users\zenbookx\documents\facultate\an iii\sem ii\ip\opencvapplication-vs2013_2413_basic\opencvapplication-vs2013_2413_basic\opencvapplication.cpp(526): warning C4244: 'return': conversion from 'double' to 'float', possible loss of data
c:\users\zenbookx\documents\facultate\an iii\sem ii\ip\opencvapplication-vs2013_2413_basic\opencvapplication-vs2013_2413_basic\opencvapplication.cpp(577): warning C4244: 'initializing': conversion from 'double' to 'int', possible loss of data
c:\users\zenbookx\documents\facultate\an iii\sem ii\ip\opencvapplication-vs2013_2413_basic\opencvapplication-vs2013_2413_basic\opencvapplication.cpp(578): warning C4244: 'initializing': conversion from 'double' to 'int', possible loss of data
c:\users\zenbookx\documents\facultate\an iii\sem ii\ip\opencvapplication-vs2013_2413_basic\opencvapplication-vs2013_2413_basic\opencvapplication.cpp(960): warning C4018: '<': signed/unsigned mismatch
c:\users\zenbookx\documents\facultate\an iii\sem ii\ip\opencvapplication-vs2013_2413_basic\opencvapplication-vs2013_2413_basic\opencvapplication.cpp(1252): warning C4244: '+=': conversion from 'double' to 'int', possible loss of data
c:\users\zenbookx\documents\facultate\an iii\sem ii\ip\opencvapplication-vs2013_2413_basic\opencvapplication-vs2013_2413_basic\opencvapplication.cpp(1257): warning C4244: 'return': conversion from 'double' to 'int', possible loss of data
c:\users\zenbookx\documents\facultate\an iii\sem ii\ip\opencvapplication-vs2013_2413_basic\opencvapplication-vs2013_2413_basic\opencvapplication.cpp(1316): warning C4244: 'initializing': conversion from 'int' to 'float', possible loss of data
c:\users\zenbookx\documents\facultate\an iii\sem ii\ip\opencvapplication-vs2013_2413_basic\opencvapplication-vs2013_2413_basic\opencvapplication.cpp(1327): warning C4244: 'initializing': conversion from 'float' to 'int', possible loss of data
c:\users\zenbookx\documents\facultate\an iii\sem ii\ip\opencvapplication-vs2013_2413_basic\opencvapplication-vs2013_2413_basic\opencvapplication.cpp(1420): warning C4244: 'initializing': conversion from 'float' to 'int', possible loss of data
c:\users\zenbookx\documents\facultate\an iii\sem ii\ip\opencvapplication-vs2013_2413_basic\opencvapplication-vs2013_2413_basic\opencvapplication.cpp(1461): warning C4244: '=': conversion from 'float' to 'int', possible loss of data
c:\users\zenbookx\documents\facultate\an iii\sem ii\ip\opencvapplication-vs2013_2413_basic\opencvapplication-vs2013_2413_basic\opencvapplication.cpp(1468): warning C4244: 'initializing': conversion from 'float' to 'int', possible loss of data
c:\users\zenbookx\documents\facultate\an iii\sem ii\ip\opencvapplication-vs2013_2413_basic\opencvapplication-vs2013_2413_basic\opencvapplication.cpp(1534): warning C4244: '+=': conversion from 'float' to 'int', possible loss of data
c:\users\zenbookx\documents\facultate\an iii\sem ii\ip\opencvapplication-vs2013_2413_basic\opencvapplication-vs2013_2413_basic\opencvapplication.cpp(1536): warning C4244: '=': conversion from 'float' to 'uchar', possible loss of data
c:\users\zenbookx\documents\facultate\an iii\sem ii\ip\opencvapplication-vs2013_2413_basic\opencvapplication-vs2013_2413_basic\opencvapplication.cpp(1597): warning C4244: '=': conversion from 'float' to 'int', possible loss of data
c:\users\zenbookx\documents\facultate\an iii\sem ii\ip\opencvapplication-vs2013_2413_basic\opencvapplication-vs2013_2413_basic\opencvapplication.cpp(1641): warning C4244: 'initializing': conversion from 'double' to 'float', possible loss of data
c:\users\zenbookx\documents\facultate\an iii\sem ii\ip\opencvapplication-vs2013_2413_basic\opencvapplication-vs2013_2413_basic\opencvapplication.cpp(1649): warning C4244: '=': conversion from 'double' to 'float', possible loss of data
c:\users\zenbookx\documents\facultate\an iii\sem ii\ip\opencvapplication-vs2013_2413_basic\opencvapplication-vs2013_2413_basic\opencvapplication.cpp(1671): warning C4244: 'initializing': conversion from 'double' to 'float', possible loss of data
c:\users\zenbookx\documents\facultate\an iii\sem ii\ip\opencvapplication-vs2013_2413_basic\opencvapplication-vs2013_2413_basic\opencvapplication.cpp(1688): warning C4244: '=': conversion from 'double' to 'float', possible loss of data
c:\users\zenbookx\documents\facultate\an iii\sem ii\ip\opencvapplication-vs2013_2413_basic\opencvapplication-vs2013_2413_basic\opencvapplication.cpp(1689): warning C4244: '=': conversion from 'double' to 'float', possible loss of data
c:\users\zenbookx\documents\facultate\an iii\sem ii\ip\opencvapplication-vs2013_2413_basic\opencvapplication-vs2013_2413_basic\opencvapplication.cpp(1757): warning C4244: 'initializing': conversion from 'float' to 'int', possible loss of data
c:\users\zenbookx\documents\facultate\an iii\sem ii\ip\opencvapplication-vs2013_2413_basic\opencvapplication-vs2013_2413_basic\opencvapplication.cpp(1766): warning C4244: 'initializing': conversion from 'double' to 'int', possible loss of data
c:\users\zenbookx\documents\facultate\an iii\sem ii\ip\opencvapplication-vs2013_2413_basic\opencvapplication-vs2013_2413_basic\opencvapplication.cpp(1852): warning C4244: '=': conversion from 'double' to 'uchar', possible loss of data
c:\users\zenbookx\documents\facultate\an iii\sem ii\ip\opencvapplication-vs2013_2413_basic\opencvapplication-vs2013_2413_basic\opencvapplication.cpp(1889): warning C4305: 'argument': truncation from 'double' to 'float'
c:\users\zenbookx\documents\facultate\an iii\sem ii\ip\opencvapplication-vs2013_2413_basic\opencvapplication-vs2013_2413_basic\opencvapplication.cpp(2072): warning C4305: 'argument': truncation from 'double' to 'float'
c:\users\zenbookx\documents\facultate\an iii\sem ii\ip\opencvapplication-vs2013_2413_basic\opencvapplication-vs2013_2413_basic\opencvapplication.cpp(478): warning C4172: returning address of local variable or temporary: center
c:\users\zenbookx\documents\facultate\an iii\sem ii\ip\opencvapplication-vs2013_2413_basic\opencvapplication-vs2013_2413_basic\opencvapplication.cpp(841): warning C4715: 'getStartPoint': not all control paths return a value
c:\users\zenbookx\documents\facultate\an iii\sem ii\ip\opencvapplication-vs2013_2413_basic\opencvapplication-vs2013_2413_basic\opencvapplication.cpp(866): warning C4715: 'getPixelAtDir': not all control paths return a value
c:\users\zenbookx\documents\facultate\an iii\sem ii\ip\opencvapplication-vs2013_2413_basic\opencvapplication-vs2013_2413_basic\opencvapplication.cpp(1285): warning C4172: returning address of local variable or temporary: hist
  OpenCVApplication.vcxproj -> C:\Users\zenbookx\Documents\Facultate\An III\Sem II\IP\OpenCVApplication-VS2013_2413_basic\OpenCVApplication-VS2013_2413_basic\Debug\OpenCVApplication.exe
  OpenCVApplication.vcxproj -> C:\Users\zenbookx\Documents\Facultate\An III\Sem II\IP\OpenCVApplication-VS2013_2413_basic\OpenCVApplication-VS2013_2413_basic\Debug\OpenCVApplication.pdb (Full PDB)
  OpenCV\dll\Debug\opencv_calib3d2413d.dll
  OpenCV\dll\Debug\opencv_contrib2413d.dll
  OpenCV\dll\Debug\opencv_core2413d.dll
  OpenCV\dll\Debug\opencv_features2d2413d.dll
  OpenCV\dll\Debug\opencv_ffmpeg2413.dll
  OpenCV\dll\Debug\opencv_flann2413d.dll
  OpenCV\dll\Debug\opencv_gpu2413d.dll
  OpenCV\dll\Debug\opencv_highgui2413d.dll
  OpenCV\dll\Debug\opencv_imgproc2413d.dll
  OpenCV\dll\Debug\opencv_legacy2413d.dll
  OpenCV\dll\Debug\opencv_ml2413d.dll
  OpenCV\dll\Debug\opencv_nonfree2413d.dll
  OpenCV\dll\Debug\opencv_objdetect2413d.dll
  OpenCV\dll\Debug\opencv_ocl2413d.dll
  OpenCV\dll\Debug\opencv_photo2413d.dll
  OpenCV\dll\Debug\opencv_stitching2413d.dll
  OpenCV\dll\Debug\opencv_superres2413d.dll
  OpenCV\dll\Debug\opencv_video2413d.dll
  OpenCV\dll\Debug\opencv_videostab2413d.dll
         19 file(s) copied.
